Connecting to database specified by database.yml


Started GET "/assets/rails.png" for 127.0.0.1 at 2013-06-24 14:43:07 -0400
Served asset /rails.png - 200 OK (3ms)


Started GET "/assets/rails.png" for 127.0.0.1 at 2013-06-24 14:57:49 -0400
Served asset /rails.png - 304 Not Modified (0ms)
Connecting to database specified by database.yml
Connecting to database specified by database.yml
Connecting to database specified by database.yml
Connecting to database specified by database.yml
Connecting to database specified by database.yml


Started GET "/assets/rails.png" for 127.0.0.1 at 2013-06-24 15:29:32 -0400
Served asset /rails.png - 304 Not Modified (1ms)
Connecting to database specified by database.yml
Connecting to database specified by database.yml


Started GET "/assets/rails.png" for 127.0.0.1 at 2013-06-24 15:43:32 -0400
Served asset /rails.png - 304 Not Modified (2ms)
Connecting to database specified by database.yml
Connecting to database specified by database.yml
Connecting to database specified by database.yml
Connecting to database specified by database.yml
Connecting to database specified by database.yml
Connecting to database specified by database.yml


Started GET "/rests/" for 127.0.0.1 at 2013-06-24 16:01:05 -0400
Processing by RestsController#index as HTML
  Rendered rests/index.html.erb within layouts/application (29.8ms)
Compiled rests.css  (19ms)  (pid 14880)
Compiled application.css  (25ms)  (pid 14880)
Compiled jquery.js  (1ms)  (pid 14880)
Compiled jquery_ujs.js  (0ms)  (pid 14880)
Compiled rests.js  (395ms)  (pid 14880)
Compiled application.js  (444ms)  (pid 14880)
Completed 200 OK in 625ms (Views: 624.2ms | ActiveRecord: 0.0ms)


Started GET "/assets/application.css?body=1" for 127.0.0.1 at 2013-06-24 16:01:06 -0400
Served asset /application.css - 200 OK (11ms)


Started GET "/assets/rests.css?body=1" for 127.0.0.1 at 2013-06-24 16:01:06 -0400
Served asset /rests.css - 200 OK (32ms)


Started GET "/assets/jquery.js?body=1" for 127.0.0.1 at 2013-06-24 16:01:06 -0400
Served asset /jquery.js - 200 OK (2ms)


Started GET "/assets/rests.js?body=1" for 127.0.0.1 at 2013-06-24 16:01:06 -0400
Served asset /rests.js - 200 OK (1ms)


Started GET "/assets/jquery_ujs.js?body=1" for 127.0.0.1 at 2013-06-24 16:01:06 -0400
Served asset /jquery_ujs.js - 200 OK (2ms)


Started GET "/assets/application.js?body=1" for 127.0.0.1 at 2013-06-24 16:01:06 -0400
Served asset /application.js - 200 OK (5ms)
Connecting to database specified by database.yml


Started GET "/assets/rails.png" for 127.0.0.1 at 2013-06-24 16:03:46 -0400
Served asset /rails.png - 304 Not Modified (1ms)
Connecting to database specified by database.yml


Started GET "/assets/rails.png" for 127.0.0.1 at 2013-06-24 16:04:39 -0400
Served asset /rails.png - 304 Not Modified (1ms)


Started GET "/" for 127.0.0.1 at 2013-06-24 16:05:06 -0400
Processing by RestsController#index as HTML
  Rendered rests/index.html.erb within layouts/application (31.1ms)
Completed 200 OK in 88ms (Views: 87.2ms | ActiveRecord: 0.0ms)


Started GET "/assets/application.css?body=1" for 127.0.0.1 at 2013-06-24 16:05:07 -0400
Served asset /application.css - 304 Not Modified (7ms)


Started GET "/assets/rests.css?body=1" for 127.0.0.1 at 2013-06-24 16:05:07 -0400
Served asset /rests.css - 304 Not Modified (2ms)


Started GET "/assets/rests.js?body=1" for 127.0.0.1 at 2013-06-24 16:05:07 -0400
Served asset /rests.js - 304 Not Modified (3ms)


Started GET "/assets/jquery.js?body=1" for 127.0.0.1 at 2013-06-24 16:05:07 -0400
Served asset /jquery.js - 304 Not Modified (5ms)


Started GET "/assets/jquery_ujs.js?body=1" for 127.0.0.1 at 2013-06-24 16:05:07 -0400
Served asset /jquery_ujs.js - 304 Not Modified (4ms)


Started GET "/assets/application.js?body=1" for 127.0.0.1 at 2013-06-24 16:05:07 -0400
Served asset /application.js - 304 Not Modified (6ms)
