Compiled jquery.js  (17ms)  (pid 18442)
Compiled jquery_ujs.js  (0ms)  (pid 18442)
Compiled twitter/bootstrap/bootstrap-transition.js  (0ms)  (pid 18442)
Compiled twitter/bootstrap/bootstrap-alert.js  (0ms)  (pid 18442)
Compiled twitter/bootstrap/bootstrap-modal.js  (0ms)  (pid 18442)
Compiled twitter/bootstrap/bootstrap-dropdown.js  (0ms)  (pid 18442)
Compiled twitter/bootstrap/bootstrap-scrollspy.js  (0ms)  (pid 18442)
Compiled twitter/bootstrap/bootstrap-tab.js  (0ms)  (pid 18442)
Compiled twitter/bootstrap/bootstrap-tooltip.js  (0ms)  (pid 18442)
Compiled twitter/bootstrap/bootstrap-popover.js  (0ms)  (pid 18442)
Compiled twitter/bootstrap/bootstrap-button.js  (0ms)  (pid 18442)
Compiled twitter/bootstrap/bootstrap-collapse.js  (0ms)  (pid 18442)
Compiled twitter/bootstrap/bootstrap-carousel.js  (0ms)  (pid 18442)
Compiled twitter/bootstrap/bootstrap-typeahead.js  (0ms)  (pid 18442)
Compiled twitter/bootstrap/bootstrap-affix.js  (0ms)  (pid 18442)
Compiled twitter/bootstrap.js  (101ms)  (pid 18442)
Compiled bootstrap.js  (215ms)  (pid 18442)
Compiled reservations.js  (0ms)  (pid 18442)
Compiled rests.js  (0ms)  (pid 18442)
Compiled application.js  (363ms)  (pid 18442)
Compiled bootstrap_and_overrides.css  (1041ms)  (pid 18442)
Compiled reservations.css  (84ms)  (pid 18442)
Compiled rests.css  (3ms)  (pid 18442)
Compiled application.css  (1222ms)  (pid 18442)
Compiled jquery.js  (17ms)  (pid 18442)
Compiled jquery_ujs.js  (0ms)  (pid 18442)
Compiled twitter/bootstrap/bootstrap-transition.js  (0ms)  (pid 18442)
Compiled twitter/bootstrap/bootstrap-alert.js  (0ms)  (pid 18442)
Compiled twitter/bootstrap/bootstrap-modal.js  (0ms)  (pid 18442)
Compiled twitter/bootstrap/bootstrap-dropdown.js  (0ms)  (pid 18442)
Compiled twitter/bootstrap/bootstrap-scrollspy.js  (0ms)  (pid 18442)
Compiled twitter/bootstrap/bootstrap-tab.js  (0ms)  (pid 18442)
Compiled twitter/bootstrap/bootstrap-tooltip.js  (0ms)  (pid 18442)
Compiled twitter/bootstrap/bootstrap-popover.js  (0ms)  (pid 18442)
Compiled twitter/bootstrap/bootstrap-button.js  (0ms)  (pid 18442)
Compiled twitter/bootstrap/bootstrap-collapse.js  (0ms)  (pid 18442)
Compiled twitter/bootstrap/bootstrap-carousel.js  (0ms)  (pid 18442)
Compiled twitter/bootstrap/bootstrap-typeahead.js  (0ms)  (pid 18442)
Compiled twitter/bootstrap/bootstrap-affix.js  (0ms)  (pid 18442)
Compiled twitter/bootstrap.js  (189ms)  (pid 18442)
Compiled bootstrap.js  (84ms)  (pid 18442)
Compiled reservations.js  (1ms)  (pid 18442)
Compiled rests.js  (1ms)  (pid 18442)
Compiled application.js  (385ms)  (pid 18442)
Compiled bootstrap_and_overrides.css  (776ms)  (pid 18442)
Compiled reservations.css  (33ms)  (pid 18442)
Compiled rests.css  (1ms)  (pid 18442)
Compiled application.css  (829ms)  (pid 18442)
Compiled jquery.js  (1ms)  (pid 5619)
Compiled jquery_ujs.js  (0ms)  (pid 5619)
Compiled twitter/bootstrap/bootstrap-transition.js  (0ms)  (pid 5619)
Compiled twitter/bootstrap/bootstrap-alert.js  (0ms)  (pid 5619)
Compiled twitter/bootstrap/bootstrap-modal.js  (0ms)  (pid 5619)
Compiled twitter/bootstrap/bootstrap-dropdown.js  (0ms)  (pid 5619)
Compiled twitter/bootstrap/bootstrap-scrollspy.js  (0ms)  (pid 5619)
Compiled twitter/bootstrap/bootstrap-tab.js  (0ms)  (pid 5619)
Compiled twitter/bootstrap/bootstrap-tooltip.js  (0ms)  (pid 5619)
Compiled twitter/bootstrap/bootstrap-popover.js  (0ms)  (pid 5619)
Compiled twitter/bootstrap/bootstrap-button.js  (0ms)  (pid 5619)
Compiled twitter/bootstrap/bootstrap-collapse.js  (0ms)  (pid 5619)
Compiled twitter/bootstrap/bootstrap-carousel.js  (0ms)  (pid 5619)
Compiled twitter/bootstrap/bootstrap-typeahead.js  (0ms)  (pid 5619)
Compiled twitter/bootstrap/bootstrap-affix.js  (0ms)  (pid 5619)
Compiled twitter/bootstrap.js  (101ms)  (pid 5619)
Compiled bootstrap.js  (64ms)  (pid 5619)
Compiled reservations.js  (0ms)  (pid 5619)
Compiled rests.js  (0ms)  (pid 5619)
Compiled application.js  (210ms)  (pid 5619)
Compiled bootstrap_and_overrides.css  (879ms)  (pid 5619)
Compiled reservations.css  (64ms)  (pid 5619)
Compiled rests.css  (1ms)  (pid 5619)
Compiled application.css  (956ms)  (pid 5619)
Compiled jquery.js  (1ms)  (pid 5619)
Compiled jquery_ujs.js  (0ms)  (pid 5619)
Compiled twitter/bootstrap/bootstrap-transition.js  (0ms)  (pid 5619)
Compiled twitter/bootstrap/bootstrap-alert.js  (0ms)  (pid 5619)
Compiled twitter/bootstrap/bootstrap-modal.js  (0ms)  (pid 5619)
Compiled twitter/bootstrap/bootstrap-dropdown.js  (0ms)  (pid 5619)
Compiled twitter/bootstrap/bootstrap-scrollspy.js  (0ms)  (pid 5619)
Compiled twitter/bootstrap/bootstrap-tab.js  (0ms)  (pid 5619)
Compiled twitter/bootstrap/bootstrap-tooltip.js  (0ms)  (pid 5619)
Compiled twitter/bootstrap/bootstrap-popover.js  (0ms)  (pid 5619)
Compiled twitter/bootstrap/bootstrap-button.js  (0ms)  (pid 5619)
Compiled twitter/bootstrap/bootstrap-collapse.js  (0ms)  (pid 5619)
Compiled twitter/bootstrap/bootstrap-carousel.js  (0ms)  (pid 5619)
Compiled twitter/bootstrap/bootstrap-typeahead.js  (0ms)  (pid 5619)
Compiled twitter/bootstrap/bootstrap-affix.js  (0ms)  (pid 5619)
Compiled twitter/bootstrap.js  (100ms)  (pid 5619)
Compiled bootstrap.js  (51ms)  (pid 5619)
Compiled reservations.js  (0ms)  (pid 5619)
Compiled rests.js  (0ms)  (pid 5619)
Compiled application.js  (179ms)  (pid 5619)
Compiled bootstrap_and_overrides.css  (790ms)  (pid 5619)
Compiled reservations.css  (7ms)  (pid 5619)
Compiled rests.css  (1ms)  (pid 5619)
Compiled application.css  (809ms)  (pid 5619)
